-----------------------------------------------------------------

     Welcome to the New Disc Setup

-----------------------------------------------------------------
 dustydisc.setup not found: using interactive setup

===========================
+++  CENTRAL OBJECT(S)  +++
===========================
Do you want to use sink particles or an external potential?
 0=potential
 1=sinks
 ([0:1], default=1):
How many sinks? ([1:3], default=1):

=================
+++  DISC(S)  +++
=================
How do you want to set the gas disc mass?
 0=total disc mass
 1=mass within annulus
 2=surface density normalisation
 3=surface density at reference radius
 4=minimum Toomre Q
 ([0:4], default=0):
Do you want to exponentially taper the outer gas disc profile? (default=no): yes
Do you want to warp the disc? (default=no):

==============
+++  DUST  +++
==============
Which dust method do you want? (1=one fluid,2=two fluid,3=Hybrid) ([1:3], default=2): 1
Enter total dust to gas ratio ([0.000:], default=0.1000E-01):
How many small grain sizes do you want? ([1:11], default=0): 2
Do you want to limit the dust flux? (default=no):
How do you want to set the grain sizes?
 0=log-spaced
 1=manually
 ([0:1], default=0): 1
How do you want to set the (intrinsic) grain density?
 0=equal
 1=manually
 ([0:1], default=0):
How do you want to set the dust density profile?
 0=equal to the gas
 1=custom
 2=equal to the gas, but with unique cutoffs
 ([0:2], default=0):

=================
+++  PLANETS  +++
=================
Do you want to add planets? (default=no): yes
Enter the number of planets ([1:9], default=1):

================
+++  OUTPUT  +++
================
Enter time between dumps as fraction of outer planet period ([0.000:], default=0.1000): 0.3
Enter number of orbits to simulate ([0:], default=100):

 writing setup options file dustydisc.setup

 >>> please edit dustydisc.setup to set parameters for your problem then rerun phantomsetup <<<

